[0510/142036.619:ERROR:process_memory_win.cc(73)] ReadMemory at 0xf0d0000 of 64 bytes failed: Only part of a ReadProcessMemory or WriteProcessMemory request was completed. (0x12B)
[0510/142036.619:WARNING:pe_image_reader.cc(340)] could not read dos header from C:\Program Files\Google\Chrome\Application\81.0.4044.138\chrome.dll
[0510/142036.619:ERROR:process_memory_win.cc(73)] ReadMemory at 0xf0d0000 of 64 bytes failed: Only part of a ReadProcessMemory or WriteProcessMemory request was completed. (0x12B)
[0510/142036.619:WARNING:pe_image_reader.cc(340)] could not read dos header from C:\Program Files\Google\Chrome\Application\81.0.4044.138\chrome.dll
[0510/142036.646:ERROR:process_memory_win.cc(73)] ReadMemory at 0xf0d0000 of 64 bytes failed: Only part of a ReadProcessMemory or WriteProcessMemory request was completed. (0x12B)
[0510/142036.713:WARNING:pe_image_reader.cc(340)] could not read dos header from C:\Program Files\Google\Chrome\Application\81.0.4044.138\chrome.dll
[0510/142036.713:ERROR:process_memory_win.cc(73)] ReadMemory at 0x75c20000 of 64 bytes failed: Only part of a ReadProcessMemory or WriteProcessMemory request was completed. (0x12B)
[0510/142036.713:WARNING:pe_image_reader.cc(340)] could not read dos header from C:\Windows\system32\WS2_32.dll
[0510/142036.713:ERROR:process_memory_win.cc(73)] ReadMemory at 0x75e10000 of 64 bytes failed: Only part of a ReadProcessMemory or WriteProcessMemory request was completed. (0x12B)
[0510/142036.713:WARNING:pe_image_reader.cc(340)] could not read dos header from C:\Windows\system32\NSI.dll
[0510/142036.713:ERROR:process_memory_win.cc(73)] ReadMemory at 0x775f0000 of 64 bytes failed: Only part of a ReadProcessMemory or WriteProcessMemory request was completed. (0x12B)
[0510/142036.713:WARNING:pe_image_reader.cc(340)] could not read dos header from C:\Windows\system32\OLEAUT32.dll
[0510/142036.713:ERROR:process_memory_win.cc(73)] ReadMemory at 0x755e0000 of 64 bytes failed: Only part of a ReadProcessMemory or WriteProcessMemory request was completed. (0x12B)
[0510/142036.713:WARNING:pe_image_reader.cc(340)] could not read dos header from C:\Windows\system32\combase.dll
[0510/142036.713:ERROR:process_memory_win.cc(73)] ReadMemory at 0x74ac0000 of 64 bytes failed: Only part of a ReadProcessMemory or WriteProcessMemory request was completed. (0x12B)
[0510/142036.713:WARNING:pe_image_reader.cc(340)] could not read dos header from C:\Windows\system32\WINTRUST.dll
[0510/142036.713:ERROR:process_memory_win.cc(73)] ReadMemory at 0x74840000 of 64 bytes failed: Only part of a ReadProcessMemory or WriteProcessMemory request was completed. (0x12B)
[0510/142036.713:WARNING:pe_image_reader.cc(340)] could not read dos header from C:\Windows\system32\MSASN1.dll
[0510/142036.713:ERROR:process_memory_win.cc(73)] ReadMemory at 0x74b10000 of 64 bytes failed: Only part of a ReadProcessMemory or WriteProcessMemory request was completed. (0x12B)
[0510/142036.713:WARNING:pe_image_reader.cc(340)] could not read dos header from C:\Windows\system32\CRYPT32.dll
[0510/142036.713:ERROR:process_memory_win.cc(73)] ReadMemory at 0x71f60000 of 64 bytes failed: Only part of a ReadProcessMemory or WriteProcessMemory request was completed. (0x12B)
[0510/142036.713:WARNING:pe_image_reader.cc(340)] could not read dos header from C:\Windows\SYSTEM32\IPHLPAPI.DLL
[0510/142036.713:ERROR:process_memory_win.cc(73)] ReadMemory at 0x71df0000 of 64 bytes failed: Only part of a ReadProcessMemory or WriteProcessMemory request was completed. (0x12B)
[0510/142036.713:WARNING:pe_image_reader.cc(340)] could not read dos header from C:\Windows\SYSTEM32\Secur32.dll
[0510/142036.713:ERROR:process_memory_win.cc(73)] ReadMemory at 0x73fb0000 of 64 bytes failed: Only part of a ReadProcessMemory or WriteProcessMemory request was completed. (0x12B)
[0510/142036.713:WARNING:pe_image_reader.cc(340)] could not read dos header from C:\Windows\SYSTEM32\USERENV.dll
[0510/142036.713:ERROR:process_memory_win.cc(73)] ReadMemory at 0x74850000 of 64 bytes failed: Only part of a ReadProcessMemory or WriteProcessMemory request was completed. (0x12B)
[0510/142036.713:WARNING:pe_image_reader.cc(340)] could not read dos header from C:\Windows\system32\profapi.dll
[0510/142036.713:ERROR:process_memory_win.cc(73)] ReadMemory at 0x5e540000 of 64 bytes failed: Only part of a ReadProcessMemory or WriteProcessMemory request was completed. (0x12B)
[0510/142036.717:WARNING:pe_image_reader.cc(340)] could not read dos header from C:\Windows\SYSTEM32\UIAutomationCore.DLL
[0510/142036.717:ERROR:process_memory_win.cc(73)] ReadMemory at 0x6c690000 of 64 bytes failed: Only part of a ReadProcessMemory or WriteProcessMemory request was completed. (0x12B)
[0510/142036.717:WARNING:pe_image_reader.cc(340)] could not read dos header from C:\Windows\SYSTEM32\DWrite.dll
[0510/142036.717:ERROR:process_memory_win.cc(73)] ReadMemory at 0x718b0000 of 64 bytes failed: Only part of a ReadProcessMemory or WriteProcessMemory request was completed. (0x12B)
[0510/142036.717:WARNING:pe_image_reader.cc(340)] could not read dos header from C:\Windows\SYSTEM32\WINSPOOL.DRV
[0510/142036.717:ERROR:process_memory_win.cc(73)] ReadMemory at 0x573e0000 of 64 bytes failed: Only part of a ReadProcessMemory or WriteProcessMemory request was completed. (0x12B)
[0510/142036.717:WARNING:pe_image_reader.cc(340)] could not read dos header from C:\Windows\SYSTEM32\dbghelp.dll
[0510/142036.717:ERROR:process_memory_win.cc(73)] ReadMemory at 0x71e90000 of 64 bytes failed: Only part of a ReadProcessMemory or WriteProcessMemory request was completed. (0x12B)
[0510/142036.717:WARNING:pe_image_reader.cc(340)] could not read dos header from C:\Windows\SYSTEM32\WINHTTP.dll
[0510/142036.717:ERROR:process_memory_win.cc(73)] ReadMemory at 0x71230000 of 64 bytes failed: Only part of a ReadProcessMemory or WriteProcessMemory request was completed. (0x12B)
[0510/142036.717:WARNING:pe_image_reader.cc(340)] could not read dos header from C:\Windows\SYSTEM32\dhcpcsvc.DLL
[0510/142036.717:ERROR:process_memory_win.cc(73)] ReadMemory at 0x71e00000 of 64 bytes failed: Only part of a ReadProcessMemory or WriteProcessMemory request was completed. (0x12B)
[0510/142036.717:WARNING:pe_image_reader.cc(340)] could not read dos header from C:\Windows\SYSTEM32\WINNSI.DLL
[0510/142036.717:ERROR:process_memory_win.cc(73)] ReadMemory at 0x74740000 of 64 bytes failed: Only part of a ReadProcessMemory or WriteProcessMemory request was completed. (0x12B)
[0510/142036.717:WARNING:pe_image_reader.cc(340)] could not read dos header from C:\Windows\SYSTEM32\bcrypt.dll
[0510/142036.717:ERROR:process_memory_win.cc(73)] ReadMemory at 0x744c0000 of 64 bytes failed: Only part of a ReadProcessMemory or WriteProcessMemory request was completed. (0x12B)
[0510/142036.717:WARNING:pe_image_reader.cc(340)] could not read dos header from C:\Windows\SYSTEM32\SSPICLI.DLL
[0510/142036.717:ERROR:process_memory_win.cc(73)] ReadMemory at 0x74660000 of 64 bytes failed: Only part of a ReadProcessMemory or WriteProcessMemory request was completed. (0x12B)
[0510/142036.717:WARNING:pe_image_reader.cc(340)] could not read dos header from C:\Windows\SYSTEM32\bcryptPrimitives.dll
[0510/142036.717:ERROR:process_memory_win.cc(73)] ReadMemory at 0x74330000 of 64 bytes failed: Only part of a ReadProcessMemory or WriteProcessMemory request was completed. (0x12B)
[0510/142036.717:WARNING:pe_image_reader.cc(340)] could not read dos header from C:\Windows\SYSTEM32\CRYPTBASE.DLL
[0510/142036.838:ERROR:process_memory_win.cc(73)] ReadMemory at 0x8b6000 of 106496 bytes failed: Only part of a ReadProcessMemory or WriteProcessMemory request was completed. (0x12B)
[0510/142036.842:ERROR:process_memory_win.cc(73)] ReadMemory at 0x59ae000 of 8192 bytes failed: Only part of a ReadProcessMemory or WriteProcessMemory request was completed. (0x12B)
[0510/142036.842:ERROR:process_memory_win.cc(73)] ReadMemory at 0x5bae000 of 8192 bytes failed: Only part of a ReadProcessMemory or WriteProcessMemory request was completed. (0x12B)
[0510/142036.850:ERROR:process_memory_win.cc(73)] ReadMemory at 0x5cad000 of 12288 bytes failed: Only part of a ReadProcessMemory or WriteProcessMemory request was completed. (0x12B)
[0510/142036.850:ERROR:process_memory_win.cc(73)] ReadMemory at 0x5e2f000 of 4096 bytes failed: Only part of a ReadProcessMemory or WriteProcessMemory request was completed. (0x12B)
[0510/142036.850:ERROR:process_memory_win.cc(73)] ReadMemory at 0x5f2e000 of 8192 bytes failed: Only part of a ReadProcessMemory or WriteProcessMemory request was completed. (0x12B)
[0510/142036.850:ERROR:process_memory_win.cc(73)] ReadMemory at 0x6afd000 of 12288 bytes failed: Only part of a ReadProcessMemory or WriteProcessMemory request was completed. (0x12B)
[0510/142036.850:ERROR:process_memory_win.cc(73)] ReadMemory at 0x6bfe000 of 8192 bytes failed: Only part of a ReadProcessMemory or WriteProcessMemory request was completed. (0x12B)
[0510/142036.850:ERROR:process_memory_win.cc(73)] ReadMemory at 0x6cfa000 of 24576 bytes failed: Only part of a ReadProcessMemory or WriteProcessMemory request was completed. (0x12B)
[0510/142036.850:ERROR:process_memory_win.cc(73)] ReadMemory at 0x6dfb000 of 20480 bytes failed: Only part of a ReadProcessMemory or WriteProcessMemory request was completed. (0x12B)
[0510/142036.850:ERROR:process_memory_win.cc(73)] ReadMemory at 0x7dbe000 of 8192 bytes failed: Only part of a ReadProcessMemory or WriteProcessMemory request was completed. (0x12B)
[0510/142036.853:ERROR:process_memory_win.cc(73)] ReadMemory at 0x7cba000 of 24576 bytes failed: Only part of a ReadProcessMemory or WriteProcessMemory request was completed. (0x12B)
[0510/142036.853:ERROR:process_memory_win.cc(73)] ReadMemory at 0xb8fa000 of 24576 bytes failed: Only part of a ReadProcessMemory or WriteProcessMemory request was completed. (0x12B)
[0510/142036.853:ERROR:process_memory_win.cc(73)] ReadMemory at 0xa0fa000 of 24576 bytes failed: Only part of a ReadProcessMemory or WriteProcessMemory request was completed. (0x12B)
[0510/142036.853:ERROR:process_memory_win.cc(73)] ReadMemory at 0xe98e000 of 8192 bytes failed: Only part of a ReadProcessMemory or WriteProcessMemory request was completed. (0x12B)
[0510/142036.853:ERROR:process_memory_win.cc(73)] ReadMemory at 0x9e0750 of 512 bytes failed: Only part of a ReadProcessMemory or WriteProcessMemory request was completed. (0x12B)
[0510/142036.853:ERROR:process_memory_win.cc(73)] ReadMemory at 0xa904a0 of 72 bytes failed: Only part of a ReadProcessMemory or WriteProcessMemory request was completed. (0x12B)
[0510/142036.853:ERROR:process_memory_win.cc(73)] ReadMemory at 0xa905c8 of 5010 bytes failed: Only part of a ReadProcessMemory or WriteProcessMemory request was completed. (0x12B)
[0510/142036.853:ERROR:process_memory_win.cc(73)] ReadMemory at 0xa91968 of 660 bytes failed: Only part of a ReadProcessMemory or WriteProcessMemory request was completed. (0x12B)
[0510/142036.857:ERROR:process_memory_win.cc(73)] ReadMemory at 0xa91e14 of 106 bytes failed: Only part of a ReadProcessMemory or WriteProcessMemory request was completed. (0x12B)
[0510/142036.857:ERROR:process_memory_win.cc(73)] ReadMemory at 0xa91e80 of 720 bytes failed: Only part of a ReadProcessMemory or WriteProcessMemory request was completed. (0x12B)
[0510/142036.857:ERROR:process_memory_win.cc(73)] ReadMemory at 0xa92152 of 106 bytes failed: Only part of a ReadProcessMemory or WriteProcessMemory request was completed. (0x12B)
[0510/142036.857:ERROR:process_memory_win.cc(73)] ReadMemory at 0xa921be of 94 bytes failed: Only part of a ReadProcessMemory or WriteProcessMemory request was completed. (0x12B)
[0510/142036.920:ERROR:process_memory_win.cc(73)] ReadMemory at 0xa92228 of 58 bytes failed: Only part of a ReadProcessMemory or WriteProcessMemory request was completed. (0x12B)
[0510/142036.920:ERROR:process_memory_win.cc(73)] ReadMemory at 0xa92318 of 72 bytes failed: Only part of a ReadProcessMemory or WriteProcessMemory request was completed. (0x12B)
[0510/142036.920:ERROR:process_memory_win.cc(73)] ReadMemory at 0xa923f8 of 72 bytes failed: Only part of a ReadProcessMemory or WriteProcessMemory request was completed. (0x12B)
[0510/142036.920:ERROR:process_memory_win.cc(73)] ReadMemory at 0xa924f0 of 114 bytes failed: Only part of a ReadProcessMemory or WriteProcessMemory request was completed. (0x12B)
[0510/142036.920:ERROR:process_memory_win.cc(73)] ReadMemory at 0xa92790 of 60 bytes failed: Only part of a ReadProcessMemory or WriteProcessMemory request was completed. (0x12B)
[0510/142036.920:ERROR:process_memory_win.cc(73)] ReadMemory at 0xa92810 of 72 bytes failed: Only part of a ReadProcessMemory or WriteProcessMemory request was completed. (0x12B)
[0510/142036.920:ERROR:process_memory_win.cc(73)] ReadMemory at 0xa928f0 of 64 bytes failed: Only part of a ReadProcessMemory or WriteProcessMemory request was completed. (0x12B)
[0510/142036.920:ERROR:process_memory_win.cc(73)] ReadMemory at 0xa92940 of 72 bytes failed: Only part of a ReadProcessMemory or WriteProcessMemory request was completed. (0x12B)
[0510/142036.920:ERROR:process_memory_win.cc(73)] ReadMemory at 0xa92ad8 of 72 bytes failed: Only part of a ReadProcessMemory or WriteProcessMemory request was completed. (0x12B)
[0510/142036.920:ERROR:process_memory_win.cc(73)] ReadMemory at 0xa92bb8 of 68 bytes failed: Only part of a ReadProcessMemory or WriteProcessMemory request was completed. (0x12B)
[0510/142036.920:ERROR:process_memory_win.cc(73)] ReadMemory at 0xa965d8 of 72 bytes failed: Only part of a ReadProcessMemory or WriteProcessMemory request was completed. (0x12B)
[0510/142036.920:ERROR:process_memory_win.cc(73)] ReadMemory at 0xa96680 of 142 bytes failed: Only part of a ReadProcessMemory or WriteProcessMemory request was completed. (0x12B)
[0510/142036.920:ERROR:process_memory_win.cc(73)] ReadMemory at 0xa97cc8 of 62 bytes failed: Only part of a ReadProcessMemory or WriteProcessMemory request was completed. (0x12B)
[0510/142036.920:ERROR:process_memory_win.cc(73)] ReadMemory at 0xa97d88 of 72 bytes failed: Only part of a ReadProcessMemory or WriteProcessMemory request was completed. (0x12B)
[0510/142036.920:ERROR:process_memory_win.cc(73)] ReadMemory at 0xa97e30 of 60 bytes failed: Only part of a ReadProcessMemory or WriteProcessMemory request was completed. (0x12B)
[0510/142036.920:ERROR:process_memory_win.cc(73)] ReadMemory at 0xa97e78 of 58 bytes failed: Only part of a ReadProcessMemory or WriteProcessMemory request was completed. (0x12B)
[0510/142036.920:ERROR:process_memory_win.cc(73)] ReadMemory at 0xa98c48 of 134 bytes failed: Only part of a ReadProcessMemory or WriteProcessMemory request was completed. (0x12B)
[0510/142036.920:ERROR:process_memory_win.cc(73)] ReadMemory at 0xa98cd8 of 72 bytes failed: Only part of a ReadProcessMemory or WriteProcessMemory request was completed. (0x12B)
[0510/142036.920:ERROR:process_memory_win.cc(73)] ReadMemory at 0xa98dc0 of 64 bytes failed: Only part of a ReadProcessMemory or WriteProcessMemory request was completed. (0x12B)
[0510/142036.920:ERROR:process_memory_win.cc(73)] ReadMemory at 0xa98e20 of 58 bytes failed: Only part of a ReadProcessMemory or WriteProcessMemory request was completed. (0x12B)
[0510/142036.920:ERROR:process_memory_win.cc(73)] ReadMemory at 0xa98e68 of 64 bytes failed: Only part of a ReadProcessMemory or WriteProcessMemory request was completed. (0x12B)
[0510/142036.920:ERROR:process_memory_win.cc(73)] ReadMemory at 0xa98f48 of 58 bytes failed: Only part of a ReadProcessMemory or WriteProcessMemory request was completed. (0x12B)
[0510/142036.920:ERROR:process_memory_win.cc(73)] ReadMemory at 0xa9aff0 of 72 bytes failed: Only part of a ReadProcessMemory or WriteProcessMemory request was completed. (0x12B)
[0510/142036.924:ERROR:process_memory_win.cc(73)] ReadMemory at 0xa9b098 of 60 bytes failed: Only part of a ReadProcessMemory or WriteProcessMemory request was completed. (0x12B)
[0510/142036.924:ERROR:process_memory_win.cc(73)] ReadMemory at 0xa9b0e0 of 62 bytes failed: Only part of a ReadProcessMemory or WriteProcessMemory request was completed. (0x12B)
[0510/142036.924:ERROR:process_memory_win.cc(73)] ReadMemory at 0xa9b200 of 72 bytes failed: Only part of a ReadProcessMemory or WriteProcessMemory request was completed. (0x12B)
[0510/142036.924:ERROR:process_memory_win.cc(73)] ReadMemory at 0xa9b2e0 of 58 bytes failed: Only part of a ReadProcessMemory or WriteProcessMemory request was completed. (0x12B)
[0510/142036.924:ERROR:process_memory_win.cc(73)] ReadMemory at 0xa9b328 of 60 bytes failed: Only part of a ReadProcessMemory or WriteProcessMemory request was completed. (0x12B)
[0510/142036.924:ERROR:process_memory_win.cc(73)] ReadMemory at 0xa9b370 of 54 bytes failed: Only part of a ReadProcessMemory or WriteProcessMemory request was completed. (0x12B)
[0510/142036.924:ERROR:process_memory_win.cc(73)] ReadMemory at 0xa9b9b8 of 62 bytes failed: Only part of a ReadProcessMemory or WriteProcessMemory request was completed. (0x12B)
[0510/142036.924:ERROR:process_memory_win.cc(73)] ReadMemory at 0xa9ca78 of 66 bytes failed: Only part of a ReadProcessMemory or WriteProcessMemory request was completed. (0x12B)
[0510/142036.924:ERROR:process_memory_win.cc(73)] ReadMemory at 0xa9caf0 of 72 bytes failed: Only part of a ReadProcessMemory or WriteProcessMemory request was completed. (0x12B)
[0510/142036.924:ERROR:process_memory_win.cc(73)] ReadMemory at 0xa9cb98 of 72 bytes failed: Only part of a ReadProcessMemory or WriteProcessMemory request was completed. (0x12B)
[0510/142036.924:ERROR:process_memory_win.cc(73)] ReadMemory at 0xa9cc40 of 72 bytes failed: Only part of a ReadProcessMemory or WriteProcessMemory request was completed. (0x12B)
[0510/142036.924:ERROR:process_memory_win.cc(73)] ReadMemory at 0xa9cce8 of 72 bytes failed: Only part of a ReadProcessMemory or WriteProcessMemory request was completed. (0x12B)
[0510/142036.924:ERROR:process_memory_win.cc(73)] ReadMemory at 0xa9cd90 of 72 bytes failed: Only part of a ReadProcessMemory or WriteProcessMemory request was completed. (0x12B)
[0510/142036.924:ERROR:process_memory_win.cc(73)] ReadMemory at 0xa9ce38 of 72 bytes failed: Only part of a ReadProcessMemory or WriteProcessMemory request was completed. (0x12B)
[0510/142036.924:ERROR:process_memory_win.cc(73)] ReadMemory at 0xa9cee0 of 72 bytes failed: Only part of a ReadProcessMemory or WriteProcessMemory request was completed. (0x12B)
[0510/142036.924:ERROR:process_memory_win.cc(73)] ReadMemory at 0xa9cf88 of 72 bytes failed: Only part of a ReadProcessMemory or WriteProcessMemory request was completed. (0x12B)
[0510/142036.924:ERROR:process_memory_win.cc(73)] ReadMemory at 0xa9d030 of 72 bytes failed: Only part of a ReadProcessMemory or WriteProcessMemory request was completed. (0x12B)
[0510/142036.924:ERROR:process_memory_win.cc(73)] ReadMemory at 0xa9d0d8 of 72 bytes failed: Only part of a ReadProcessMemory or WriteProcessMemory request was completed. (0x12B)
[0510/142036.924:ERROR:process_memory_win.cc(73)] ReadMemory at 0xa9d180 of 72 bytes failed: Only part of a ReadProcessMemory or WriteProcessMemory request was completed. (0x12B)
[0510/142036.924:ERROR:process_memory_win.cc(73)] ReadMemory at 0xa9d228 of 72 bytes failed: Only part of a ReadProcessMemory or WriteProcessMemory request was completed. (0x12B)
[0510/142036.924:ERROR:process_memory_win.cc(73)] ReadMemory at 0xa9d2d0 of 72 bytes failed: Only part of a ReadProcessMemory or WriteProcessMemory request was completed. (0x12B)
[0510/142036.924:ERROR:process_memory_win.cc(73)] ReadMemory at 0xa9d378 of 72 bytes failed: Only part of a ReadProcessMemory or WriteProcessMemory request was completed. (0x12B)
[0510/142036.924:ERROR:process_memory_win.cc(73)] ReadMemory at 0xa9d420 of 72 bytes failed: Only part of a ReadProcessMemory or WriteProcessMemory request was completed. (0x12B)
[0510/142036.924:ERROR:process_memory_win.cc(73)] ReadMemory at 0xa9d4c8 of 72 bytes failed: Only part of a ReadProcessMemory or WriteProcessMemory request was completed. (0x12B)
[0510/142036.924:ERROR:process_memory_win.cc(73)] ReadMemory at 0xa9d570 of 72 bytes failed: Only part of a ReadProcessMemory or WriteProcessMemory request was completed. (0x12B)
[0510/142036.924:ERROR:process_memory_win.cc(73)] ReadMemory at 0xa9d618 of 72 bytes failed: Only part of a ReadProcessMemory or WriteProcessMemory request was completed. (0x12B)
[0510/142036.924:ERROR:process_memory_win.cc(73)] ReadMemory at 0xa9d6c0 of 72 bytes failed: Only part of a ReadProcessMemory or WriteProcessMemory request was completed. (0x12B)
[0510/142036.924:ERROR:process_memory_win.cc(73)] ReadMemory at 0xa9d768 of 72 bytes failed: Only part of a ReadProcessMemory or WriteProcessMemory request was completed. (0x12B)
[0510/142036.924:ERROR:process_memory_win.cc(73)] ReadMemory at 0xa9d810 of 72 bytes failed: Only part of a ReadProcessMemory or WriteProcessMemory request was completed. (0x12B)
[0510/142036.924:ERROR:process_memory_win.cc(73)] ReadMemory at 0xa9d8b8 of 72 bytes failed: Only part of a ReadProcessMemory or WriteProcessMemory request was completed. (0x12B)
[0510/142036.924:ERROR:process_memory_win.cc(73)] ReadMemory at 0xa9d960 of 72 bytes failed: Only part of a ReadProcessMemory or WriteProcessMemory request was completed. (0x12B)
[0510/142036.924:ERROR:process_memory_win.cc(73)] ReadMemory at 0xa9da08 of 72 bytes failed: Only part of a ReadProcessMemory or WriteProcessMemory request was completed. (0x12B)
[0510/142036.924:ERROR:process_memory_win.cc(73)] ReadMemory at 0xa9dad0 of 64 bytes failed: Only part of a ReadProcessMemory or WriteProcessMemory request was completed. (0x12B)
[0510/142036.924:ERROR:process_memory_win.cc(73)] ReadMemory at 0xa9e0c0 of 60 bytes failed: Only part of a ReadProcessMemory or WriteProcessMemory request was completed. (0x12B)
[0510/142036.924:ERROR:process_memory_win.cc(73)] ReadMemory at 0xa9e600 of 64 bytes failed: Only part of a ReadProcessMemory or WriteProcessMemory request was completed. (0x12B)
[0510/142036.924:ERROR:process_memory_win.cc(73)] ReadMemory at 0xa9e778 of 62 bytes failed: Only part of a ReadProcessMemory or WriteProcessMemory request was completed. (0x12B)
[0510/142036.924:ERROR:process_memory_win.cc(73)] ReadMemory at 0xa9e7c0 of 60 bytes failed: Only part of a ReadProcessMemory or WriteProcessMemory request was completed. (0x12B)
[0510/142036.924:ERROR:process_memory_win.cc(73)] ReadMemory at 0xa9e850 of 62 bytes failed: Only part of a ReadProcessMemory or WriteProcessMemory request was completed. (0x12B)
[0510/142036.924:ERROR:process_memory_win.cc(73)] ReadMemory at 0xa9ea48 of 62 bytes failed: Only part of a ReadProcessMemory or WriteProcessMemory request was completed. (0x12B)
[0510/142036.924:ERROR:process_memory_win.cc(73)] ReadMemory at 0xa9ea90 of 62 bytes failed: Only part of a ReadProcessMemory or WriteProcessMemory request was completed. (0x12B)
[0510/142036.924:ERROR:process_memory_win.cc(73)] ReadMemory at 0xa9eb20 of 60 bytes failed: Only part of a ReadProcessMemory or WriteProcessMemory request was completed. (0x12B)
[0510/142036.935:ERROR:process_memory_win.cc(73)] ReadMemory at 0xa9ec40 of 60 bytes failed: Only part of a ReadProcessMemory or WriteProcessMemory request was completed. (0x12B)
[0510/142036.935:ERROR:process_memory_win.cc(73)] ReadMemory at 0xa9ecd0 of 62 bytes failed: Only part of a ReadProcessMemory or WriteProcessMemory request was completed. (0x12B)
[0510/142036.935:ERROR:process_memory_win.cc(73)] ReadMemory at 0xa9edf0 of 62 bytes failed: Only part of a ReadProcessMemory or WriteProcessMemory request was completed. (0x12B)
[0510/142036.935:ERROR:process_memory_win.cc(73)] ReadMemory at 0xa9eec8 of 60 bytes failed: Only part of a ReadProcessMemory or WriteProcessMemory request was completed. (0x12B)
[0510/142036.935:ERROR:process_memory_win.cc(73)] ReadMemory at 0xa9ef10 of 62 bytes failed: Only part of a ReadProcessMemory or WriteProcessMemory request was completed. (0x12B)
[0510/142036.935:ERROR:process_memory_win.cc(73)] ReadMemory at 0xa9fae8 of 512 bytes failed: Only part of a ReadProcessMemory or WriteProcessMemory request was completed. (0x12B)
[0510/142036.935:ERROR:process_memory_win.cc(73)] ReadMemory at 0xa9fd88 of 80 bytes failed: Only part of a ReadProcessMemory or WriteProcessMemory request was completed. (0x12B)
[0510/142036.935:ERROR:process_memory_win.cc(73)] ReadMemory at 0xa9fea0 of 64 bytes failed: Only part of a ReadProcessMemory or WriteProcessMemory request was completed. (0x12B)
[0510/142036.935:ERROR:process_memory_win.cc(73)] ReadMemory at 0xa9fef0 of 64 bytes failed: Only part of a ReadProcessMemory or WriteProcessMemory request was completed. (0x12B)
[0510/142036.935:ERROR:process_memory_win.cc(73)] ReadMemory at 0xaa1b98 of 72 bytes failed: Only part of a ReadProcessMemory or WriteProcessMemory request was completed. (0x12B)
[0510/142036.935:ERROR:process_memory_win.cc(73)] ReadMemory at 0xaa1d90 of 72 bytes failed: Only part of a ReadProcessMemory or WriteProcessMemory request was completed. (0x12B)
[0510/142036.935:ERROR:process_memory_win.cc(73)] ReadMemory at 0xaa1f88 of 72 bytes failed: Only part of a ReadProcessMemory or WriteProcessMemory request was completed. (0x12B)
[0510/142036.935:ERROR:process_memory_win.cc(73)] ReadMemory at 0xaa20d8 of 72 bytes failed: Only part of a ReadProcessMemory or WriteProcessMemory request was completed. (0x12B)
[0510/142036.935:ERROR:process_memory_win.cc(73)] ReadMemory at 0xaa24c8 of 72 bytes failed: Only part of a ReadProcessMemory or WriteProcessMemory request was completed. (0x12B)
[0510/142036.935:ERROR:process_memory_win.cc(73)] ReadMemory at 0xaa4d98 of 80 bytes failed: Only part of a ReadProcessMemory or WriteProcessMemory request was completed. (0x12B)
[0510/142036.935:ERROR:process_memory_win.cc(73)] ReadMemory at 0xaaad28 of 512 bytes failed: Only part of a ReadProcessMemory or WriteProcessMemory request was completed. (0x12B)
[0510/142036.935:ERROR:process_memory_win.cc(73)] ReadMemory at 0x43af1b0 of 512 bytes failed: Only part of a ReadProcessMemory or WriteProcessMemory request was completed. (0x12B)
[0510/142036.935:ERROR:process_memory_win.cc(73)] ReadMemory at 0x43b5c50 of 612 bytes failed: Only part of a ReadProcessMemory or WriteProcessMemory request was completed. (0x12B)
[0510/142036.935:ERROR:process_memory_win.cc(73)] ReadMemory at 0x443ce20 of 512 bytes failed: Only part of a ReadProcessMemory or WriteProcessMemory request was completed. (0x12B)
[0510/142036.935:ERROR:process_memory_win.cc(73)] ReadMemory at 0x4451d20 of 512 bytes failed: Only part of a ReadProcessMemory or WriteProcessMemory request was completed. (0x12B)
[0510/142036.935:ERROR:process_memory_win.cc(73)] ReadMemory at 0xc85cb98 of 512 bytes failed: Only part of a ReadProcessMemory or WriteProcessMemory request was completed. (0x12B)
[0510/142036.935:ERROR:process_memory_win.cc(73)] ReadMemory at 0x14dc8a30 of 512 bytes failed: Only part of a ReadProcessMemory or WriteProcessMemory request was completed. (0x12B)
[0510/142036.935:ERROR:process_memory_win.cc(73)] ReadMemory at 0x14f6a8a0 of 512 bytes failed: Only part of a ReadProcessMemory or WriteProcessMemory request was completed. (0x12B)
[0510/142036.935:ERROR:process_memory_win.cc(73)] ReadMemory at 0x3d5a0000 of 384 bytes failed: Only part of a ReadProcessMemory or WriteProcessMemory request was completed. (0x12B)
[0510/142036.935:ERROR:process_memory_win.cc(73)] ReadMemory at 0x749b2442 of 512 bytes failed: Only part of a ReadProcessMemory or WriteProcessMemory request was completed. (0x12B)
[0510/142036.935:ERROR:process_memory_win.cc(73)] ReadMemory at 0x7555a290 of 512 bytes failed: Only part of a ReadProcessMemory or WriteProcessMemory request was completed. (0x12B)
[0510/142036.935:ERROR:process_memory_win.cc(73)] ReadMemory at 0x77696ac8 of 18 bytes failed: Only part of a ReadProcessMemory or WriteProcessMemory request was completed. (0x12B)
[0510/142036.935:ERROR:process_memory_win.cc(73)] ReadMemory at 0x776cd040 of 512 bytes failed: Only part of a ReadProcessMemory or WriteProcessMemory request was completed. (0x12B)
[0510/142036.935:ERROR:process_memory_win.cc(73)] ReadMemory at 0x777146c0 of 512 bytes failed: Only part of a ReadProcessMemory or WriteProcessMemory request was completed. (0x12B)
[0510/142036.935:ERROR:process_memory_win.cc(73)] ReadMemory at 0x77797410 of 24 bytes failed: Only part of a ReadProcessMemory or WriteProcessMemory request was completed. (0x12B)
[0510/142036.935:ERROR:process_memory_win.cc(73)] ReadMemory at 0x77797b7c of 32 bytes failed: Only part of a ReadProcessMemory or WriteProcessMemory request was completed. (0x12B)
[0510/142036.939:ERROR:process_memory_win.cc(73)] ReadMemory at 0x77799aa0 of 36 bytes failed: Only part of a ReadProcessMemory or WriteProcessMemory request was completed. (0x12B)
[0510/142036.939:ERROR:process_memory_win.cc(73)] ReadMemory at 0x7fc9d000 of 3992 bytes failed: Only part of a ReadProcessMemory or WriteProcessMemory request was completed. (0x12B)
[0510/142036.939:ERROR:process_memory_win.cc(73)] ReadMemory at 0x7fc9e000 of 3992 bytes failed: Only part of a ReadProcessMemory or WriteProcessMemory request was completed. (0x12B)
[0510/142036.939:ERROR:process_memory_win.cc(73)] ReadMemory at 0x7fc9f000 of 3992 bytes failed: Only part of a ReadProcessMemory or WriteProcessMemory request was completed. (0x12B)
[0510/142036.939:ERROR:process_memory_win.cc(73)] ReadMemory at 0x7fdc3000 of 3992 bytes failed: Only part of a ReadProcessMemory or WriteProcessMemory request was completed. (0x12B)
[0510/142036.939:ERROR:process_memory_win.cc(73)] ReadMemory at 0x7fdc4000 of 560 bytes failed: Only part of a ReadProcessMemory or WriteProcessMemory request was completed. (0x12B)
[0510/142036.939:ERROR:process_memory_win.cc(73)] ReadMemory at 0x7fdc5000 of 3992 bytes failed: Only part of a ReadProcessMemory or WriteProcessMemory request was completed. (0x12B)
[0510/142036.939:ERROR:process_memory_win.cc(73)] ReadMemory at 0x7fdc6000 of 3992 bytes failed: Only part of a ReadProcessMemory or WriteProcessMemory request was completed. (0x12B)
[0510/142036.939:ERROR:process_memory_win.cc(73)] ReadMemory at 0x7fdc7000 of 3992 bytes failed: Only part of a ReadProcessMemory or WriteProcessMemory request was completed. (0x12B)
[0510/142036.939:ERROR:process_memory_win.cc(73)] ReadMemory at 0x7fdc8000 of 3992 bytes failed: Only part of a ReadProcessMemory or WriteProcessMemory request was completed. (0x12B)
[0510/142036.939:ERROR:process_memory_win.cc(73)] ReadMemory at 0x7fdc9000 of 3992 bytes failed: Only part of a ReadProcessMemory or WriteProcessMemory request was completed. (0x12B)
[0510/142036.939:ERROR:process_memory_win.cc(73)] ReadMemory at 0x7fdca000 of 3992 bytes failed: Only part of a ReadProcessMemory or WriteProcessMemory request was completed. (0x12B)
[0510/142036.939:ERROR:process_memory_win.cc(73)] ReadMemory at 0x7fdcb000 of 3992 bytes failed: Only part of a ReadProcessMemory or WriteProcessMemory request was completed. (0x12B)
[0510/142036.939:ERROR:process_memory_win.cc(73)] ReadMemory at 0x7fdcc000 of 3992 bytes failed: Only part of a ReadProcessMemory or WriteProcessMemory request was completed. (0x12B)
[0510/142036.939:ERROR:process_memory_win.cc(73)] ReadMemory at 0x7fdcd000 of 3992 bytes failed: Only part of a ReadProcessMemory or WriteProcessMemory request was completed. (0x12B)
[0510/142036.939:ERROR:process_memory_win.cc(73)] ReadMemory at 0x7fdce000 of 3992 bytes failed: Only part of a ReadProcessMemory or WriteProcessMemory request was completed. (0x12B)
[0510/142036.939:ERROR:process_memory_win.cc(73)] ReadMemory at 0x7fdcf000 of 3992 bytes failed: Only part of a ReadProcessMemory or WriteProcessMemory request was completed. (0x12B)
[0510/142036.978:ERROR:scoped_process_suspend.cc(40)] NtResumeProcess: An attempt was made to access an exiting process. (0xc000010a)
